-------------------------------------------------------------------------------
Test set: oniline.itlogic.empoloyeemanager.EmpoloyeemanagerApplicationTests
-------------------------------------------------------------------------------
Tests run: 1, Failures: 0, Errors: 1, Skipped: 0, Time elapsed: 0.179 s <<< FAILURE! - in oniline.itlogic.empoloyeemanager.EmpoloyeemanagerApplicationTests
oniline.itlogic.empoloyeemanager.EmpoloyeemanagerApplicationTests  Time elapsed: 0.177 s  <<< ERROR!
java.lang.IllegalStateException: Unable to find a @SpringBootConfiguration, you need to use @ContextConfiguration or @SpringBootTest(classes=...) with your test

